<?xml version="1.0" encoding="UTF-8"?>
<testng-results ignored="0" total="12" passed="9" failed="1" skipped="2">
  <reporter-output>
  </reporter-output>
  <suite started-at="2022-07-17T14:55:18 IST" name="Suite1" finished-at="2022-07-17T14:56:56 IST" duration-ms="98743">
    <groups>
    </groups>
    <test started-at="2022-07-17T14:55:18 IST" name="ChromeBrowser" finished-at="2022-07-17T14:55:31 IST" duration-ms="13886">
      <class name="Testpack2.TestNGCopy">
        <test-method is-config="true" signature="launchBrowser(java.lang.String)[pri:0, instance:Testpack2.TestNGCopy@dd8ba08]" started-at="2022-07-17T14:55:19 IST" name="launchBrowser" finished-at="2022-07-17T14:55:20 IST" duration-ms="761" status="PASS">
          <params>
            <param index="0">
              <value>
                <![CDATA[Chrome]]>
              </value>
            </param>
          </params>
          <reporter-output>
          </reporter-output>
        </test-method> <!-- launchBrowser -->
        <test-method is-config="true" signature="createPOMObjects()[pri:0, instance:Testpack2.TestNGCopy@dd8ba08]" started-at="2022-07-17T14:55:20 IST" name="createPOMObjects" finished-at="2022-07-17T14:55:20 IST" duration-ms="41" status="PASS">
          <reporter-output>
          </reporter-output>
        </test-method> <!-- createPOMObjects -->
        <test-method is-config="true" signature="homePageActions()[pri:0, instance:Testpack2.TestNGCopy@dd8ba08]" started-at="2022-07-17T14:55:20 IST" name="homePageActions" finished-at="2022-07-17T14:55:25 IST" duration-ms="4918" status="PASS">
          <reporter-output>
          </reporter-output>
        </test-method> <!-- homePageActions -->
        <test-method signature="varifyUrlAndTitle()[pri:1, instance:Testpack2.TestNGCopy@dd8ba08]" started-at="2022-07-17T14:55:25 IST" name="varifyUrlAndTitle" finished-at="2022-07-17T14:55:27 IST" duration-ms="2023" status="PASS">
          <reporter-output>
          </reporter-output>
        </test-method> <!-- varifyUrlAndTitle -->
        <test-method is-config="true" signature="aftermethod()[pri:0, instance:Testpack2.TestNGCopy@dd8ba08]" started-at="2022-07-17T14:55:27 IST" name="aftermethod" finished-at="2022-07-17T14:55:27 IST" duration-ms="1" status="PASS">
          <reporter-output>
          </reporter-output>
        </test-method> <!-- aftermethod -->
        <test-method is-config="true" signature="homePageActions()[pri:0, instance:Testpack2.TestNGCopy@dd8ba08]" started-at="2022-07-17T14:55:27 IST" name="homePageActions" finished-at="2022-07-17T14:55:30 IST" duration-ms="2884" status="PASS">
          <reporter-output>
          </reporter-output>
        </test-method> <!-- homePageActions -->
        <test-method signature="calculation()[pri:2, instance:Testpack2.TestNGCopy@dd8ba08]" started-at="2022-07-17T14:55:30 IST" name="calculation" finished-at="2022-07-17T14:55:30 IST" duration-ms="43" status="PASS">
          <reporter-output>
          </reporter-output>
        </test-method> <!-- calculation -->
        <test-method is-config="true" signature="aftermethod()[pri:0, instance:Testpack2.TestNGCopy@dd8ba08]" started-at="2022-07-17T14:55:30 IST" name="aftermethod" finished-at="2022-07-17T14:55:30 IST" duration-ms="0" status="PASS">
          <reporter-output>
          </reporter-output>
        </test-method> <!-- aftermethod -->
        <test-method is-config="true" signature="clearObject()[pri:0, instance:Testpack2.TestNGCopy@dd8ba08]" started-at="2022-07-17T14:55:30 IST" name="clearObject" finished-at="2022-07-17T14:55:30 IST" duration-ms="1" status="PASS">
          <reporter-output>
          </reporter-output>
        </test-method> <!-- clearObject -->
        <test-method is-config="true" signature="closeBrowser()[pri:0, instance:Testpack2.TestNGCopy@dd8ba08]" started-at="2022-07-17T14:55:31 IST" name="closeBrowser" finished-at="2022-07-17T14:55:31 IST" duration-ms="287" status="PASS">
          <reporter-output>
          </reporter-output>
        </test-method> <!-- closeBrowser -->
      </class> <!-- Testpack2.TestNGCopy -->
      <class name="Testpack2.TestNG2Copy">
        <test-method is-config="true" signature="launchBrowser(java.lang.String)[pri:0, instance:Testpack2.TestNG2Copy@7e07db1f]" started-at="2022-07-17T14:55:18 IST" name="launchBrowser" finished-at="2022-07-17T14:55:19 IST" duration-ms="1793" status="PASS">
          <params>
            <param index="0">
              <value>
                <![CDATA[Chrome]]>
              </value>
            </param>
          </params>
          <reporter-output>
          </reporter-output>
        </test-method> <!-- launchBrowser -->
        <test-method is-config="true" signature="createPOMobjects()[pri:0, instance:Testpack2.TestNG2Copy@7e07db1f]" started-at="2022-07-17T14:55:20 IST" name="createPOMobjects" finished-at="2022-07-17T14:55:20 IST" duration-ms="41" status="PASS">
          <reporter-output>
          </reporter-output>
        </test-method> <!-- createPOMobjects -->
        <test-method is-config="true" signature="launchBrowser()[pri:0, instance:Testpack2.TestNG2Copy@7e07db1f]" started-at="2022-07-17T14:55:20 IST" name="launchBrowser" finished-at="2022-07-17T14:55:21 IST" duration-ms="992" status="PASS">
          <reporter-output>
          </reporter-output>
        </test-method> <!-- launchBrowser -->
        <test-method is-config="true" signature="hitUrl()[pri:0, instance:Testpack2.TestNG2Copy@7e07db1f]" started-at="2022-07-17T14:55:21 IST" name="hitUrl" finished-at="2022-07-17T14:55:23 IST" duration-ms="2143" status="PASS">
          <reporter-output>
          </reporter-output>
        </test-method> <!-- hitUrl -->
        <test-method signature="varifyURLandTitle()[pri:1, instance:Testpack2.TestNG2Copy@7e07db1f]" started-at="2022-07-17T14:55:23 IST" name="varifyURLandTitle" finished-at="2022-07-17T14:55:23 IST" duration-ms="41" status="PASS">
          <reporter-output>
          </reporter-output>
        </test-method> <!-- varifyURLandTitle -->
        <test-method is-config="true" signature="aftermethod()[pri:0, instance:Testpack2.TestNG2Copy@7e07db1f]" started-at="2022-07-17T14:55:23 IST" name="aftermethod" finished-at="2022-07-17T14:55:23 IST" duration-ms="0" status="PASS">
          <reporter-output>
          </reporter-output>
        </test-method> <!-- aftermethod -->
        <test-method is-config="true" signature="hitUrl()[pri:0, instance:Testpack2.TestNG2Copy@7e07db1f]" started-at="2022-07-17T14:55:23 IST" name="hitUrl" finished-at="2022-07-17T14:55:27 IST" duration-ms="3354" status="PASS">
          <reporter-output>
          </reporter-output>
        </test-method> <!-- hitUrl -->
        <test-method signature="homePageOperation()[pri:2, instance:Testpack2.TestNG2Copy@7e07db1f]" started-at="2022-07-17T14:55:27 IST" name="homePageOperation" finished-at="2022-07-17T14:55:31 IST" duration-ms="3988" status="PASS">
          <reporter-output>
          </reporter-output>
        </test-method> <!-- homePageOperation -->
        <test-method is-config="true" signature="clearObject()[pri:0, instance:Testpack2.TestNG2Copy@7e07db1f]" started-at="2022-07-17T14:55:31 IST" name="clearObject" finished-at="2022-07-17T14:55:31 IST" duration-ms="0" status="PASS">
          <reporter-output>
          </reporter-output>
        </test-method> <!-- clearObject -->
        <test-method is-config="true" signature="aftermethod()[pri:0, instance:Testpack2.TestNG2Copy@7e07db1f]" started-at="2022-07-17T14:55:31 IST" name="aftermethod" finished-at="2022-07-17T14:55:31 IST" duration-ms="0" status="PASS">
          <reporter-output>
          </reporter-output>
        </test-method> <!-- aftermethod -->
        <test-method is-config="true" signature="closeBrowser()[pri:0, instance:Testpack2.TestNG2Copy@7e07db1f]" started-at="2022-07-17T14:55:31 IST" name="closeBrowser" finished-at="2022-07-17T14:55:31 IST" duration-ms="428" status="PASS">
          <reporter-output>
          </reporter-output>
        </test-method> <!-- closeBrowser -->
      </class> <!-- Testpack2.TestNG2Copy -->
    </test> <!-- ChromeBrowser -->
    <test started-at="2022-07-17T14:55:32 IST" name="OperaBrowser" finished-at="2022-07-17T14:56:10 IST" duration-ms="38894">
      <class name="Testpack2.TestNGCopy">
        <test-method is-config="true" signature="launchBrowser(java.lang.String)[pri:0, instance:Testpack2.TestNGCopy@4135c3b]" started-at="2022-07-17T14:55:33 IST" name="launchBrowser" finished-at="2022-07-17T14:55:34 IST" duration-ms="1452" status="PASS">
          <params>
            <param index="0">
              <value>
                <![CDATA[Opera]]>
              </value>
            </param>
          </params>
          <reporter-output>
          </reporter-output>
        </test-method> <!-- launchBrowser -->
        <test-method is-config="true" signature="createPOMObjects()[pri:0, instance:Testpack2.TestNGCopy@4135c3b]" started-at="2022-07-17T14:55:34 IST" name="createPOMObjects" finished-at="2022-07-17T14:55:34 IST" duration-ms="3" status="PASS">
          <reporter-output>
          </reporter-output>
        </test-method> <!-- createPOMObjects -->
        <test-method is-config="true" signature="homePageActions()[pri:0, instance:Testpack2.TestNGCopy@4135c3b]" started-at="2022-07-17T14:55:34 IST" name="homePageActions" finished-at="2022-07-17T14:55:53 IST" duration-ms="18282" status="PASS">
          <reporter-output>
          </reporter-output>
        </test-method> <!-- homePageActions -->
        <test-method signature="varifyUrlAndTitle()[pri:1, instance:Testpack2.TestNGCopy@4135c3b]" started-at="2022-07-17T14:55:53 IST" name="varifyUrlAndTitle" finished-at="2022-07-17T14:55:55 IST" duration-ms="2036" status="PASS">
          <reporter-output>
          </reporter-output>
        </test-method> <!-- varifyUrlAndTitle -->
        <test-method is-config="true" signature="aftermethod()[pri:0, instance:Testpack2.TestNGCopy@4135c3b]" started-at="2022-07-17T14:55:55 IST" name="aftermethod" finished-at="2022-07-17T14:55:55 IST" duration-ms="1" status="PASS">
          <reporter-output>
          </reporter-output>
        </test-method> <!-- aftermethod -->
        <test-method is-config="true" signature="homePageActions()[pri:0, instance:Testpack2.TestNGCopy@4135c3b]" started-at="2022-07-17T14:55:55 IST" name="homePageActions" finished-at="2022-07-17T14:56:03 IST" duration-ms="8839" status="PASS">
          <reporter-output>
          </reporter-output>
        </test-method> <!-- homePageActions -->
        <test-method signature="calculation()[pri:2, instance:Testpack2.TestNGCopy@4135c3b]" started-at="2022-07-17T14:56:03 IST" name="calculation" finished-at="2022-07-17T14:56:04 IST" duration-ms="99" status="PASS">
          <reporter-output>
          </reporter-output>
        </test-method> <!-- calculation -->
        <test-method is-config="true" signature="aftermethod()[pri:0, instance:Testpack2.TestNGCopy@4135c3b]" started-at="2022-07-17T14:56:04 IST" name="aftermethod" finished-at="2022-07-17T14:56:04 IST" duration-ms="0" status="PASS">
          <reporter-output>
          </reporter-output>
        </test-method> <!-- aftermethod -->
        <test-method is-config="true" signature="clearObject()[pri:0, instance:Testpack2.TestNGCopy@4135c3b]" started-at="2022-07-17T14:56:04 IST" name="clearObject" finished-at="2022-07-17T14:56:04 IST" duration-ms="1" status="PASS">
          <reporter-output>
          </reporter-output>
        </test-method> <!-- clearObject -->
        <test-method is-config="true" signature="closeBrowser()[pri:0, instance:Testpack2.TestNGCopy@4135c3b]" started-at="2022-07-17T14:56:10 IST" name="closeBrowser" finished-at="2022-07-17T14:56:10 IST" duration-ms="604" status="PASS">
          <reporter-output>
          </reporter-output>
        </test-method> <!-- closeBrowser -->
      </class> <!-- Testpack2.TestNGCopy -->
      <class name="Testpack2.TestNG2Copy">
        <test-method is-config="true" signature="launchBrowser(java.lang.String)[pri:0, instance:Testpack2.TestNG2Copy@6302bbb1]" started-at="2022-07-17T14:55:32 IST" name="launchBrowser" finished-at="2022-07-17T14:55:33 IST" duration-ms="1332" status="PASS">
          <params>
            <param index="0">
              <value>
                <![CDATA[Opera]]>
              </value>
            </param>
          </params>
          <reporter-output>
          </reporter-output>
        </test-method> <!-- launchBrowser -->
        <test-method is-config="true" signature="createPOMobjects()[pri:0, instance:Testpack2.TestNG2Copy@6302bbb1]" started-at="2022-07-17T14:55:34 IST" name="createPOMobjects" finished-at="2022-07-17T14:55:34 IST" duration-ms="2" status="PASS">
          <reporter-output>
          </reporter-output>
        </test-method> <!-- createPOMobjects -->
        <test-method is-config="true" signature="launchBrowser()[pri:0, instance:Testpack2.TestNG2Copy@6302bbb1]" started-at="2022-07-17T14:55:34 IST" name="launchBrowser" finished-at="2022-07-17T14:55:36 IST" duration-ms="2087" status="PASS">
          <reporter-output>
          </reporter-output>
        </test-method> <!-- launchBrowser -->
        <test-method is-config="true" signature="hitUrl()[pri:0, instance:Testpack2.TestNG2Copy@6302bbb1]" started-at="2022-07-17T14:55:36 IST" name="hitUrl" finished-at="2022-07-17T14:55:46 IST" duration-ms="9223" status="PASS">
          <reporter-output>
          </reporter-output>
        </test-method> <!-- hitUrl -->
        <test-method signature="varifyURLandTitle()[pri:1, instance:Testpack2.TestNG2Copy@6302bbb1]" started-at="2022-07-17T14:55:46 IST" name="varifyURLandTitle" finished-at="2022-07-17T14:55:46 IST" duration-ms="26" status="PASS">
          <reporter-output>
          </reporter-output>
        </test-method> <!-- varifyURLandTitle -->
        <test-method is-config="true" signature="aftermethod()[pri:0, instance:Testpack2.TestNG2Copy@6302bbb1]" started-at="2022-07-17T14:55:46 IST" name="aftermethod" finished-at="2022-07-17T14:55:46 IST" duration-ms="1" status="PASS">
          <reporter-output>
          </reporter-output>
        </test-method> <!-- aftermethod -->
        <test-method is-config="true" signature="hitUrl()[pri:0, instance:Testpack2.TestNG2Copy@6302bbb1]" started-at="2022-07-17T14:55:46 IST" name="hitUrl" finished-at="2022-07-17T14:55:55 IST" duration-ms="9394" status="PASS">
          <reporter-output>
          </reporter-output>
        </test-method> <!-- hitUrl -->
        <test-method signature="homePageOperation()[pri:2, instance:Testpack2.TestNG2Copy@6302bbb1]" started-at="2022-07-17T14:55:55 IST" name="homePageOperation" finished-at="2022-07-17T14:56:09 IST" duration-ms="14390" status="PASS">
          <reporter-output>
          </reporter-output>
        </test-method> <!-- homePageOperation -->
        <test-method is-config="true" signature="aftermethod()[pri:0, instance:Testpack2.TestNG2Copy@6302bbb1]" started-at="2022-07-17T14:56:09 IST" name="aftermethod" finished-at="2022-07-17T14:56:09 IST" duration-ms="0" status="PASS">
          <reporter-output>
          </reporter-output>
        </test-method> <!-- aftermethod -->
        <test-method is-config="true" signature="clearObject()[pri:0, instance:Testpack2.TestNG2Copy@6302bbb1]" started-at="2022-07-17T14:56:09 IST" name="clearObject" finished-at="2022-07-17T14:56:09 IST" duration-ms="1" status="PASS">
          <reporter-output>
          </reporter-output>
        </test-method> <!-- clearObject -->
        <test-method is-config="true" signature="closeBrowser()[pri:0, instance:Testpack2.TestNG2Copy@6302bbb1]" started-at="2022-07-17T14:56:09 IST" name="closeBrowser" finished-at="2022-07-17T14:56:10 IST" duration-ms="349" status="PASS">
          <reporter-output>
          </reporter-output>
        </test-method> <!-- closeBrowser -->
      </class> <!-- Testpack2.TestNG2Copy -->
    </test> <!-- OperaBrowser -->
    <test started-at="2022-07-17T14:56:10 IST" name="MSedgeBrowser" finished-at="2022-07-17T14:56:56 IST" duration-ms="45869">
      <class name="Testpack2.TestNGCopy">
        <test-method is-config="true" signature="launchBrowser(java.lang.String)[pri:0, instance:Testpack2.TestNGCopy@6f1de4c7]" started-at="2022-07-17T14:56:13 IST" name="launchBrowser" finished-at="2022-07-17T14:56:16 IST" duration-ms="2864" status="PASS">
          <params>
            <param index="0">
              <value>
                <![CDATA[Edge]]>
              </value>
            </param>
          </params>
          <reporter-output>
          </reporter-output>
        </test-method> <!-- launchBrowser -->
        <test-method is-config="true" signature="createPOMObjects()[pri:0, instance:Testpack2.TestNGCopy@6f1de4c7]" started-at="2022-07-17T14:56:16 IST" name="createPOMObjects" finished-at="2022-07-17T14:56:16 IST" duration-ms="1" status="PASS">
          <reporter-output>
          </reporter-output>
        </test-method> <!-- createPOMObjects -->
        <test-method is-config="true" signature="homePageActions()[pri:0, instance:Testpack2.TestNGCopy@6f1de4c7]" started-at="2022-07-17T14:56:16 IST" name="homePageActions" finished-at="2022-07-17T14:56:41 IST" duration-ms="25178" status="FAIL">
          <exception class="org.openqa.selenium.WebDriverException">
            <message>
              <![CDATA[unknown error: cannot determine loading status
from unknown error: unexpected command response
  (Session info: MicrosoftEdge=103.0.1264.49)
Build info: version: '3.141.59', revision: 'e82be7d358', time: '2018-11-14T08:17:03'
System info: host: 'LAPTOP-8S9GMAJI', ip: '192.168.43.121', os.name: 'Windows 11', os.arch: 'amd64', os.version: '10.0', java.version: '18'
Driver info: org.openqa.selenium.edge.EdgeDriver
Capabilities {acceptInsecureCerts: false, browserName: msedge, browserVersion: 103.0.1264.49, javascriptEnabled: true, ms:edgeOptions: {debuggerAddress: localhost:52734}, msedge: {msedgedriverVersion: 103.0.1264.37 (e3a6d3b5b3c3..., userDataDir: C:\Users\rupal\AppData\Loca...}, networkConnectionEnabled: false, pageLoadStrategy: normal, platform: WINDOWS, platformName: WINDOWS, proxy: Proxy(), setWindowRect: true, strictFileInteractability: false, timeouts: {implicit: 0, pageLoad: 300000, script: 30000}, unhandledPromptBehavior: dismiss and notify, webauthn:extension:credBlob: true, webauthn:extension:largeBlob: true, webauthn:virtualAuthenticators: true}
Session ID: 90b84dddc12710ce3d17f57e5ea6af57]]>
            </message>
            <full-stacktrace>
              <![CDATA[org.openqa.selenium.WebDriverException: unknown error: cannot determine loading status
from unknown error: unexpected command response
  (Session info: MicrosoftEdge=103.0.1264.49)
Build info: version: '3.141.59', revision: 'e82be7d358', time: '2018-11-14T08:17:03'
System info: host: 'LAPTOP-8S9GMAJI', ip: '192.168.43.121', os.name: 'Windows 11', os.arch: 'amd64', os.version: '10.0', java.version: '18'
Driver info: org.openqa.selenium.edge.EdgeDriver
Capabilities {acceptInsecureCerts: false, browserName: msedge, browserVersion: 103.0.1264.49, javascriptEnabled: true, ms:edgeOptions: {debuggerAddress: localhost:52734}, msedge: {msedgedriverVersion: 103.0.1264.37 (e3a6d3b5b3c3..., userDataDir: C:\Users\rupal\AppData\Loca...}, networkConnectionEnabled: false, pageLoadStrategy: normal, platform: WINDOWS, platformName: WINDOWS, proxy: Proxy(), setWindowRect: true, strictFileInteractability: false, timeouts: {implicit: 0, pageLoad: 300000, script: 30000}, unhandledPromptBehavior: dismiss and notify, webauthn:extension:credBlob: true, webauthn:extension:largeBlob: true, webauthn:virtualAuthenticators: true}
Session ID: 90b84dddc12710ce3d17f57e5ea6af57
at java.base/jdk.internal.reflect.DirectConstructorHandleAccessor.newInstance(DirectConstructorHandleAccessor.java:67)
at java.base/java.lang.reflect.Constructor.newInstanceWithCaller(Constructor.java:499)
at java.base/java.lang.reflect.Constructor.newInstance(Constructor.java:483)
at org.openqa.selenium.remote.http.W3CHttpResponseCodec.createException(W3CHttpResponseCodec.java:187)
at org.openqa.selenium.remote.http.W3CHttpResponseCodec.decode(W3CHttpResponseCodec.java:122)
at org.openqa.selenium.remote.http.W3CHttpResponseCodec.decode(W3CHttpResponseCodec.java:49)
at org.openqa.selenium.remote.HttpCommandExecutor.execute(HttpCommandExecutor.java:158)
at org.openqa.selenium.remote.service.DriverCommandExecutor.execute(DriverCommandExecutor.java:83)
at org.openqa.selenium.remote.RemoteWebDriver.execute(RemoteWebDriver.java:552)
at org.openqa.selenium.remote.RemoteWebElement.execute(RemoteWebElement.java:285)
at org.openqa.selenium.remote.RemoteWebElement.click(RemoteWebElement.java:84)
at java.base/jdk.internal.reflect.DirectMethodHandleAccessor.invoke(DirectMethodHandleAccessor.java:104)
at java.base/java.lang.reflect.Method.invoke(Method.java:577)
at org.openqa.selenium.support.pagefactory.internal.LocatingElementHandler.invoke(LocatingElementHandler.java:51)
at jdk.proxy2/jdk.proxy2.$Proxy17.click(Unknown Source)
at POM.HomePage.clickOnCalculate(HomePage.java:75)
at Testpack2.TestNGCopy.homePageActions(TestNGCopy.java:69)
at java.base/jdk.internal.reflect.DirectMethodHandleAccessor.invoke(DirectMethodHandleAccessor.java:104)
at java.base/java.lang.reflect.Method.invoke(Method.java:577)
at org.testng.internal.MethodInvocationHelper.invokeMethod(MethodInvocationHelper.java:133)
at org.testng.internal.MethodInvocationHelper.invokeMethodConsideringTimeout(MethodInvocationHelper.java:62)
at org.testng.internal.ConfigInvoker.invokeConfigurationMethod(ConfigInvoker.java:385)
at org.testng.internal.ConfigInvoker.invokeConfigurations(ConfigInvoker.java:321)
at org.testng.internal.TestInvoker.runConfigMethods(TestInvoker.java:700)
at org.testng.internal.TestInvoker.invokeMethod(TestInvoker.java:527)
at org.testng.internal.TestInvoker.invokeTestMethod(TestInvoker.java:173)
at org.testng.internal.MethodRunner.runInSequence(MethodRunner.java:46)
at org.testng.internal.TestInvoker$MethodInvocationAgent.invoke(TestInvoker.java:824)
at org.testng.internal.TestInvoker.invokeTestMethods(TestInvoker.java:146)
at org.testng.internal.TestMethodWorker.invokeTestMethods(TestMethodWorker.java:146)
at org.testng.internal.TestMethodWorker.run(TestMethodWorker.java:128)
at java.base/java.util.concurrent.ThreadPoolExecutor.runWorker(ThreadPoolExecutor.java:1136)
at java.base/java.util.concurrent.ThreadPoolExecutor$Worker.run(ThreadPoolExecutor.java:635)
at java.base/java.lang.Thread.run(Thread.java:833)
]]>
            </full-stacktrace>
          </exception> <!-- org.openqa.selenium.WebDriverException -->
          <reporter-output>
          </reporter-output>
        </test-method> <!-- homePageActions -->
        <test-method signature="varifyUrlAndTitle()[pri:1, instance:Testpack2.TestNGCopy@6f1de4c7]" started-at="2022-07-17T14:56:41 IST" name="varifyUrlAndTitle" finished-at="2022-07-17T14:56:41 IST" duration-ms="0" status="SKIP">
          <exception class="org.openqa.selenium.WebDriverException">
            <message>
              <![CDATA[unknown error: cannot determine loading status
from unknown error: unexpected command response
  (Session info: MicrosoftEdge=103.0.1264.49)
Build info: version: '3.141.59', revision: 'e82be7d358', time: '2018-11-14T08:17:03'
System info: host: 'LAPTOP-8S9GMAJI', ip: '192.168.43.121', os.name: 'Windows 11', os.arch: 'amd64', os.version: '10.0', java.version: '18'
Driver info: org.openqa.selenium.edge.EdgeDriver
Capabilities {acceptInsecureCerts: false, browserName: msedge, browserVersion: 103.0.1264.49, javascriptEnabled: true, ms:edgeOptions: {debuggerAddress: localhost:52734}, msedge: {msedgedriverVersion: 103.0.1264.37 (e3a6d3b5b3c3..., userDataDir: C:\Users\rupal\AppData\Loca...}, networkConnectionEnabled: false, pageLoadStrategy: normal, platform: WINDOWS, platformName: WINDOWS, proxy: Proxy(), setWindowRect: true, strictFileInteractability: false, timeouts: {implicit: 0, pageLoad: 300000, script: 30000}, unhandledPromptBehavior: dismiss and notify, webauthn:extension:credBlob: true, webauthn:extension:largeBlob: true, webauthn:virtualAuthenticators: true}
Session ID: 90b84dddc12710ce3d17f57e5ea6af57]]>
            </message>
            <full-stacktrace>
              <![CDATA[org.openqa.selenium.WebDriverException: unknown error: cannot determine loading status
from unknown error: unexpected command response
  (Session info: MicrosoftEdge=103.0.1264.49)
Build info: version: '3.141.59', revision: 'e82be7d358', time: '2018-11-14T08:17:03'
System info: host: 'LAPTOP-8S9GMAJI', ip: '192.168.43.121', os.name: 'Windows 11', os.arch: 'amd64', os.version: '10.0', java.version: '18'
Driver info: org.openqa.selenium.edge.EdgeDriver
Capabilities {acceptInsecureCerts: false, browserName: msedge, browserVersion: 103.0.1264.49, javascriptEnabled: true, ms:edgeOptions: {debuggerAddress: localhost:52734}, msedge: {msedgedriverVersion: 103.0.1264.37 (e3a6d3b5b3c3..., userDataDir: C:\Users\rupal\AppData\Loca...}, networkConnectionEnabled: false, pageLoadStrategy: normal, platform: WINDOWS, platformName: WINDOWS, proxy: Proxy(), setWindowRect: true, strictFileInteractability: false, timeouts: {implicit: 0, pageLoad: 300000, script: 30000}, unhandledPromptBehavior: dismiss and notify, webauthn:extension:credBlob: true, webauthn:extension:largeBlob: true, webauthn:virtualAuthenticators: true}
Session ID: 90b84dddc12710ce3d17f57e5ea6af57
at java.base/jdk.internal.reflect.DirectConstructorHandleAccessor.newInstance(DirectConstructorHandleAccessor.java:67)
at java.base/java.lang.reflect.Constructor.newInstanceWithCaller(Constructor.java:499)
at java.base/java.lang.reflect.Constructor.newInstance(Constructor.java:483)
at org.openqa.selenium.remote.http.W3CHttpResponseCodec.createException(W3CHttpResponseCodec.java:187)
at org.openqa.selenium.remote.http.W3CHttpResponseCodec.decode(W3CHttpResponseCodec.java:122)
at org.openqa.selenium.remote.http.W3CHttpResponseCodec.decode(W3CHttpResponseCodec.java:49)
at org.openqa.selenium.remote.HttpCommandExecutor.execute(HttpCommandExecutor.java:158)
at org.openqa.selenium.remote.service.DriverCommandExecutor.execute(DriverCommandExecutor.java:83)
at org.openqa.selenium.remote.RemoteWebDriver.execute(RemoteWebDriver.java:552)
at org.openqa.selenium.remote.RemoteWebElement.execute(RemoteWebElement.java:285)
at org.openqa.selenium.remote.RemoteWebElement.click(RemoteWebElement.java:84)
at java.base/jdk.internal.reflect.DirectMethodHandleAccessor.invoke(DirectMethodHandleAccessor.java:104)
at java.base/java.lang.reflect.Method.invoke(Method.java:577)
at org.openqa.selenium.support.pagefactory.internal.LocatingElementHandler.invoke(LocatingElementHandler.java:51)
at jdk.proxy2/jdk.proxy2.$Proxy17.click(Unknown Source)
at POM.HomePage.clickOnCalculate(HomePage.java:75)
at Testpack2.TestNGCopy.homePageActions(TestNGCopy.java:69)
at java.base/jdk.internal.reflect.DirectMethodHandleAccessor.invoke(DirectMethodHandleAccessor.java:104)
at java.base/java.lang.reflect.Method.invoke(Method.java:577)
at org.testng.internal.MethodInvocationHelper.invokeMethod(MethodInvocationHelper.java:133)
at org.testng.internal.MethodInvocationHelper.invokeMethodConsideringTimeout(MethodInvocationHelper.java:62)
at org.testng.internal.ConfigInvoker.invokeConfigurationMethod(ConfigInvoker.java:385)
at org.testng.internal.ConfigInvoker.invokeConfigurations(ConfigInvoker.java:321)
at org.testng.internal.TestInvoker.runConfigMethods(TestInvoker.java:700)
at org.testng.internal.TestInvoker.invokeMethod(TestInvoker.java:527)
at org.testng.internal.TestInvoker.invokeTestMethod(TestInvoker.java:173)
at org.testng.internal.MethodRunner.runInSequence(MethodRunner.java:46)
at org.testng.internal.TestInvoker$MethodInvocationAgent.invoke(TestInvoker.java:824)
at org.testng.internal.TestInvoker.invokeTestMethods(TestInvoker.java:146)
at org.testng.internal.TestMethodWorker.invokeTestMethods(TestMethodWorker.java:146)
at org.testng.internal.TestMethodWorker.run(TestMethodWorker.java:128)
at java.base/java.util.concurrent.ThreadPoolExecutor.runWorker(ThreadPoolExecutor.java:1136)
at java.base/java.util.concurrent.ThreadPoolExecutor$Worker.run(ThreadPoolExecutor.java:635)
at java.base/java.lang.Thread.run(Thread.java:833)
]]>
            </full-stacktrace>
          </exception> <!-- org.openqa.selenium.WebDriverException -->
          <reporter-output>
          </reporter-output>
        </test-method> <!-- varifyUrlAndTitle -->
        <test-method is-config="true" signature="aftermethod()[pri:0, instance:Testpack2.TestNGCopy@6f1de4c7]" started-at="2022-07-17T14:56:41 IST" name="aftermethod" finished-at="1970-01-01T05:30:00 IST" duration-ms="-1658050001863" status="SKIP">
          <reporter-output>
          </reporter-output>
        </test-method> <!-- aftermethod -->
        <test-method is-config="true" signature="homePageActions()[pri:0, instance:Testpack2.TestNGCopy@6f1de4c7]" started-at="2022-07-17T14:56:41 IST" name="homePageActions" finished-at="1970-01-01T05:30:00 IST" duration-ms="-1658050001884" status="SKIP">
          <reporter-output>
          </reporter-output>
        </test-method> <!-- homePageActions -->
        <test-method signature="calculation()[pri:2, instance:Testpack2.TestNGCopy@6f1de4c7]" started-at="2022-07-17T14:56:41 IST" name="calculation" finished-at="2022-07-17T14:56:41 IST" duration-ms="0" status="SKIP">
          <exception class="org.openqa.selenium.WebDriverException">
            <message>
              <![CDATA[unknown error: cannot determine loading status
from unknown error: unexpected command response
  (Session info: MicrosoftEdge=103.0.1264.49)
Build info: version: '3.141.59', revision: 'e82be7d358', time: '2018-11-14T08:17:03'
System info: host: 'LAPTOP-8S9GMAJI', ip: '192.168.43.121', os.name: 'Windows 11', os.arch: 'amd64', os.version: '10.0', java.version: '18'
Driver info: org.openqa.selenium.edge.EdgeDriver
Capabilities {acceptInsecureCerts: false, browserName: msedge, browserVersion: 103.0.1264.49, javascriptEnabled: true, ms:edgeOptions: {debuggerAddress: localhost:52734}, msedge: {msedgedriverVersion: 103.0.1264.37 (e3a6d3b5b3c3..., userDataDir: C:\Users\rupal\AppData\Loca...}, networkConnectionEnabled: false, pageLoadStrategy: normal, platform: WINDOWS, platformName: WINDOWS, proxy: Proxy(), setWindowRect: true, strictFileInteractability: false, timeouts: {implicit: 0, pageLoad: 300000, script: 30000}, unhandledPromptBehavior: dismiss and notify, webauthn:extension:credBlob: true, webauthn:extension:largeBlob: true, webauthn:virtualAuthenticators: true}
Session ID: 90b84dddc12710ce3d17f57e5ea6af57]]>
            </message>
            <full-stacktrace>
              <![CDATA[org.openqa.selenium.WebDriverException: unknown error: cannot determine loading status
from unknown error: unexpected command response
  (Session info: MicrosoftEdge=103.0.1264.49)
Build info: version: '3.141.59', revision: 'e82be7d358', time: '2018-11-14T08:17:03'
System info: host: 'LAPTOP-8S9GMAJI', ip: '192.168.43.121', os.name: 'Windows 11', os.arch: 'amd64', os.version: '10.0', java.version: '18'
Driver info: org.openqa.selenium.edge.EdgeDriver
Capabilities {acceptInsecureCerts: false, browserName: msedge, browserVersion: 103.0.1264.49, javascriptEnabled: true, ms:edgeOptions: {debuggerAddress: localhost:52734}, msedge: {msedgedriverVersion: 103.0.1264.37 (e3a6d3b5b3c3..., userDataDir: C:\Users\rupal\AppData\Loca...}, networkConnectionEnabled: false, pageLoadStrategy: normal, platform: WINDOWS, platformName: WINDOWS, proxy: Proxy(), setWindowRect: true, strictFileInteractability: false, timeouts: {implicit: 0, pageLoad: 300000, script: 30000}, unhandledPromptBehavior: dismiss and notify, webauthn:extension:credBlob: true, webauthn:extension:largeBlob: true, webauthn:virtualAuthenticators: true}
Session ID: 90b84dddc12710ce3d17f57e5ea6af57
at java.base/jdk.internal.reflect.DirectConstructorHandleAccessor.newInstance(DirectConstructorHandleAccessor.java:67)
at java.base/java.lang.reflect.Constructor.newInstanceWithCaller(Constructor.java:499)
at java.base/java.lang.reflect.Constructor.newInstance(Constructor.java:483)
at org.openqa.selenium.remote.http.W3CHttpResponseCodec.createException(W3CHttpResponseCodec.java:187)
at org.openqa.selenium.remote.http.W3CHttpResponseCodec.decode(W3CHttpResponseCodec.java:122)
at org.openqa.selenium.remote.http.W3CHttpResponseCodec.decode(W3CHttpResponseCodec.java:49)
at org.openqa.selenium.remote.HttpCommandExecutor.execute(HttpCommandExecutor.java:158)
at org.openqa.selenium.remote.service.DriverCommandExecutor.execute(DriverCommandExecutor.java:83)
at org.openqa.selenium.remote.RemoteWebDriver.execute(RemoteWebDriver.java:552)
at org.openqa.selenium.remote.RemoteWebElement.execute(RemoteWebElement.java:285)
at org.openqa.selenium.remote.RemoteWebElement.click(RemoteWebElement.java:84)
at java.base/jdk.internal.reflect.DirectMethodHandleAccessor.invoke(DirectMethodHandleAccessor.java:104)
at java.base/java.lang.reflect.Method.invoke(Method.java:577)
at org.openqa.selenium.support.pagefactory.internal.LocatingElementHandler.invoke(LocatingElementHandler.java:51)
at jdk.proxy2/jdk.proxy2.$Proxy17.click(Unknown Source)
at POM.HomePage.clickOnCalculate(HomePage.java:75)
at Testpack2.TestNGCopy.homePageActions(TestNGCopy.java:69)
at java.base/jdk.internal.reflect.DirectMethodHandleAccessor.invoke(DirectMethodHandleAccessor.java:104)
at java.base/java.lang.reflect.Method.invoke(Method.java:577)
at org.testng.internal.MethodInvocationHelper.invokeMethod(MethodInvocationHelper.java:133)
at org.testng.internal.MethodInvocationHelper.invokeMethodConsideringTimeout(MethodInvocationHelper.java:62)
at org.testng.internal.ConfigInvoker.invokeConfigurationMethod(ConfigInvoker.java:385)
at org.testng.internal.ConfigInvoker.invokeConfigurations(ConfigInvoker.java:321)
at org.testng.internal.TestInvoker.runConfigMethods(TestInvoker.java:700)
at org.testng.internal.TestInvoker.invokeMethod(TestInvoker.java:527)
at org.testng.internal.TestInvoker.invokeTestMethod(TestInvoker.java:173)
at org.testng.internal.MethodRunner.runInSequence(MethodRunner.java:46)
at org.testng.internal.TestInvoker$MethodInvocationAgent.invoke(TestInvoker.java:824)
at org.testng.internal.TestInvoker.invokeTestMethods(TestInvoker.java:146)
at org.testng.internal.TestMethodWorker.invokeTestMethods(TestMethodWorker.java:146)
at org.testng.internal.TestMethodWorker.run(TestMethodWorker.java:128)
at java.base/java.util.concurrent.ThreadPoolExecutor.runWorker(ThreadPoolExecutor.java:1136)
at java.base/java.util.concurrent.ThreadPoolExecutor$Worker.run(ThreadPoolExecutor.java:635)
at java.base/java.lang.Thread.run(Thread.java:833)
]]>
            </full-stacktrace>
          </exception> <!-- org.openqa.selenium.WebDriverException -->
          <reporter-output>
          </reporter-output>
        </test-method> <!-- calculation -->
        <test-method is-config="true" signature="aftermethod()[pri:0, instance:Testpack2.TestNGCopy@6f1de4c7]" started-at="2022-07-17T14:56:41 IST" name="aftermethod" finished-at="1970-01-01T05:30:00 IST" duration-ms="-1658050001903" status="SKIP">
          <reporter-output>
          </reporter-output>
        </test-method> <!-- aftermethod -->
        <test-method is-config="true" signature="clearObject()[pri:0, instance:Testpack2.TestNGCopy@6f1de4c7]" started-at="2022-07-17T14:56:41 IST" name="clearObject" finished-at="1970-01-01T05:30:00 IST" duration-ms="-1658050001908" status="SKIP">
          <reporter-output>
          </reporter-output>
        </test-method> <!-- clearObject -->
        <test-method is-config="true" signature="closeBrowser()[pri:0, instance:Testpack2.TestNGCopy@6f1de4c7]" started-at="2022-07-17T14:56:56 IST" name="closeBrowser" finished-at="2022-07-17T14:56:56 IST" duration-ms="464" status="PASS">
          <reporter-output>
          </reporter-output>
        </test-method> <!-- closeBrowser -->
      </class> <!-- Testpack2.TestNGCopy -->
      <class name="Testpack2.TestNG2Copy">
        <test-method is-config="true" signature="launchBrowser(java.lang.String)[pri:0, instance:Testpack2.TestNG2Copy@459e9125]" started-at="2022-07-17T14:56:10 IST" name="launchBrowser" finished-at="2022-07-17T14:56:13 IST" duration-ms="2862" status="PASS">
          <params>
            <param index="0">
              <value>
                <![CDATA[Edge]]>
              </value>
            </param>
          </params>
          <reporter-output>
          </reporter-output>
        </test-method> <!-- launchBrowser -->
        <test-method is-config="true" signature="createPOMobjects()[pri:0, instance:Testpack2.TestNG2Copy@459e9125]" started-at="2022-07-17T14:56:16 IST" name="createPOMobjects" finished-at="2022-07-17T14:56:16 IST" duration-ms="1" status="PASS">
          <reporter-output>
          </reporter-output>
        </test-method> <!-- createPOMobjects -->
        <test-method is-config="true" signature="launchBrowser()[pri:0, instance:Testpack2.TestNG2Copy@459e9125]" started-at="2022-07-17T14:56:16 IST" name="launchBrowser" finished-at="2022-07-17T14:56:18 IST" duration-ms="1882" status="PASS">
          <reporter-output>
          </reporter-output>
        </test-method> <!-- launchBrowser -->
        <test-method is-config="true" signature="hitUrl()[pri:0, instance:Testpack2.TestNG2Copy@459e9125]" started-at="2022-07-17T14:56:18 IST" name="hitUrl" finished-at="2022-07-17T14:56:39 IST" duration-ms="21268" status="PASS">
          <reporter-output>
          </reporter-output>
        </test-method> <!-- hitUrl -->
        <test-method signature="varifyURLandTitle()[pri:1, instance:Testpack2.TestNG2Copy@459e9125]" started-at="2022-07-17T14:56:39 IST" name="varifyURLandTitle" finished-at="2022-07-17T14:56:39 IST" duration-ms="25" status="PASS">
          <reporter-output>
          </reporter-output>
        </test-method> <!-- varifyURLandTitle -->
        <test-method is-config="true" signature="aftermethod()[pri:0, instance:Testpack2.TestNG2Copy@459e9125]" started-at="2022-07-17T14:56:39 IST" name="aftermethod" finished-at="2022-07-17T14:56:39 IST" duration-ms="1" status="PASS">
          <reporter-output>
          </reporter-output>
        </test-method> <!-- aftermethod -->
        <test-method is-config="true" signature="hitUrl()[pri:0, instance:Testpack2.TestNG2Copy@459e9125]" started-at="2022-07-17T14:56:39 IST" name="hitUrl" finished-at="2022-07-17T14:56:50 IST" duration-ms="10419" status="PASS">
          <reporter-output>
          </reporter-output>
        </test-method> <!-- hitUrl -->
        <test-method signature="homePageOperation()[pri:2, instance:Testpack2.TestNG2Copy@459e9125]" started-at="2022-07-17T14:56:50 IST" name="homePageOperation" finished-at="2022-07-17T14:56:55 IST" duration-ms="5511" status="FAIL">
          <exception class="org.openqa.selenium.WebDriverException">
            <message>
              <![CDATA[unknown error: unexpected command response
  (Session info: chrome=103.0.5060.114)
Build info: version: '3.141.59', revision: 'e82be7d358', time: '2018-11-14T08:17:03'
System info: host: 'LAPTOP-8S9GMAJI', ip: '192.168.43.121', os.name: 'Windows 11', os.arch: 'amd64', os.version: '10.0', java.version: '18'
Driver info: org.openqa.selenium.chrome.ChromeDriver
Capabilities {acceptInsecureCerts: false, browserName: chrome, browserVersion: 103.0.5060.114, chrome: {chromedriverVersion: 103.0.5060.53 (a1711811edd7..., userDataDir: C:\Users\rupal\AppData\Loca...}, goog:chromeOptions: {debuggerAddress: localhost:52758}, javascriptEnabled: true, networkConnectionEnabled: false, pageLoadStrategy: normal, platform: WINDOWS, platformName: WINDOWS, proxy: Proxy(), setWindowRect: true, strictFileInteractability: false, timeouts: {implicit: 0, pageLoad: 300000, script: 30000}, unhandledPromptBehavior: dismiss and notify, webauthn:extension:credBlob: true, webauthn:extension:largeBlob: true, webauthn:virtualAuthenticators: true}
Session ID: 79a42aa9ab1d5faa578c573cfdb7995b]]>
            </message>
            <full-stacktrace>
              <![CDATA[org.openqa.selenium.WebDriverException: unknown error: unexpected command response
  (Session info: chrome=103.0.5060.114)
Build info: version: '3.141.59', revision: 'e82be7d358', time: '2018-11-14T08:17:03'
System info: host: 'LAPTOP-8S9GMAJI', ip: '192.168.43.121', os.name: 'Windows 11', os.arch: 'amd64', os.version: '10.0', java.version: '18'
Driver info: org.openqa.selenium.chrome.ChromeDriver
Capabilities {acceptInsecureCerts: false, browserName: chrome, browserVersion: 103.0.5060.114, chrome: {chromedriverVersion: 103.0.5060.53 (a1711811edd7..., userDataDir: C:\Users\rupal\AppData\Loca...}, goog:chromeOptions: {debuggerAddress: localhost:52758}, javascriptEnabled: true, networkConnectionEnabled: false, pageLoadStrategy: normal, platform: WINDOWS, platformName: WINDOWS, proxy: Proxy(), setWindowRect: true, strictFileInteractability: false, timeouts: {implicit: 0, pageLoad: 300000, script: 30000}, unhandledPromptBehavior: dismiss and notify, webauthn:extension:credBlob: true, webauthn:extension:largeBlob: true, webauthn:virtualAuthenticators: true}
Session ID: 79a42aa9ab1d5faa578c573cfdb7995b
at java.base/jdk.internal.reflect.DirectConstructorHandleAccessor.newInstance(DirectConstructorHandleAccessor.java:67)
at java.base/java.lang.reflect.Constructor.newInstanceWithCaller(Constructor.java:499)
at java.base/java.lang.reflect.Constructor.newInstance(Constructor.java:483)
at org.openqa.selenium.remote.http.W3CHttpResponseCodec.createException(W3CHttpResponseCodec.java:187)
at org.openqa.selenium.remote.http.W3CHttpResponseCodec.decode(W3CHttpResponseCodec.java:122)
at org.openqa.selenium.remote.http.W3CHttpResponseCodec.decode(W3CHttpResponseCodec.java:49)
at org.openqa.selenium.remote.HttpCommandExecutor.execute(HttpCommandExecutor.java:158)
at org.openqa.selenium.remote.service.DriverCommandExecutor.execute(DriverCommandExecutor.java:83)
at org.openqa.selenium.remote.RemoteWebDriver.execute(RemoteWebDriver.java:552)
at org.openqa.selenium.remote.RemoteWebElement.execute(RemoteWebElement.java:285)
at org.openqa.selenium.remote.RemoteWebElement.click(RemoteWebElement.java:84)
at java.base/jdk.internal.reflect.DirectMethodHandleAccessor.invoke(DirectMethodHandleAccessor.java:104)
at java.base/java.lang.reflect.Method.invoke(Method.java:577)
at org.openqa.selenium.support.pagefactory.internal.LocatingElementHandler.invoke(LocatingElementHandler.java:51)
at jdk.proxy2/jdk.proxy2.$Proxy17.click(Unknown Source)
at POM.HomePage.clickOnCalculate(HomePage.java:75)
at Testpack2.TestNG2Copy.homePageOperation(TestNG2Copy.java:83)
at java.base/jdk.internal.reflect.DirectMethodHandleAccessor.invoke(DirectMethodHandleAccessor.java:104)
at java.base/java.lang.reflect.Method.invoke(Method.java:577)
at org.testng.internal.MethodInvocationHelper.invokeMethod(MethodInvocationHelper.java:133)
at org.testng.internal.TestInvoker.invokeMethod(TestInvoker.java:598)
at org.testng.internal.TestInvoker.invokeTestMethod(TestInvoker.java:173)
at org.testng.internal.MethodRunner.runInSequence(MethodRunner.java:46)
at org.testng.internal.TestInvoker$MethodInvocationAgent.invoke(TestInvoker.java:824)
at org.testng.internal.TestInvoker.invokeTestMethods(TestInvoker.java:146)
at org.testng.internal.TestMethodWorker.invokeTestMethods(TestMethodWorker.java:146)
at org.testng.internal.TestMethodWorker.run(TestMethodWorker.java:128)
at java.base/java.util.concurrent.ThreadPoolExecutor.runWorker(ThreadPoolExecutor.java:1136)
at java.base/java.util.concurrent.ThreadPoolExecutor$Worker.run(ThreadPoolExecutor.java:635)
at java.base/java.lang.Thread.run(Thread.java:833)
]]>
            </full-stacktrace>
          </exception> <!-- org.openqa.selenium.WebDriverException -->
          <reporter-output>
          </reporter-output>
        </test-method> <!-- homePageOperation -->
        <test-method is-config="true" signature="aftermethod()[pri:0, instance:Testpack2.TestNG2Copy@459e9125]" started-at="2022-07-17T14:56:55 IST" name="aftermethod" finished-at="2022-07-17T14:56:55 IST" duration-ms="1" status="PASS">
          <reporter-output>
          </reporter-output>
        </test-method> <!-- aftermethod -->
        <test-method is-config="true" signature="clearObject()[pri:0, instance:Testpack2.TestNG2Copy@459e9125]" started-at="2022-07-17T14:56:55 IST" name="clearObject" finished-at="2022-07-17T14:56:55 IST" duration-ms="0" status="PASS">
          <reporter-output>
          </reporter-output>
        </test-method> <!-- clearObject -->
        <test-method is-config="true" signature="closeBrowser()[pri:0, instance:Testpack2.TestNG2Copy@459e9125]" started-at="2022-07-17T14:56:55 IST" name="closeBrowser" finished-at="2022-07-17T14:56:56 IST" duration-ms="553" status="PASS">
          <reporter-output>
          </reporter-output>
        </test-method> <!-- closeBrowser -->
      </class> <!-- Testpack2.TestNG2Copy -->
    </test> <!-- MSedgeBrowser -->
  </suite> <!-- Suite1 -->
</testng-results>
